RAT, version 0eae2da
Status messages enabled: info detail 
Hostname: Marc-Bergevins-MacBook-Pro.local PID: 2303
Seeding random number generator: 1571097362
DB: Loading /Users/marcbergevin/rat-pac/data/DAQ.ratdb ... Success!
DB: Loading /Users/marcbergevin/rat-pac/data/DETECTOR.ratdb ... Success!
DB: Loading /Users/marcbergevin/rat-pac/data/ELEMENTS.ratdb ... Success!
DB: Loading /Users/marcbergevin/rat-pac/data/IBD.ratdb ... Success!
DB: Loading /Users/marcbergevin/rat-pac/data/IO.ratdb ... Success!
DB: Loading /Users/marcbergevin/rat-pac/data/MATERIALS.ratdb ... Success!
DB: Loading /Users/marcbergevin/rat-pac/data/MC.ratdb ... Success!
DB: Loading /Users/marcbergevin/rat-pac/data/NOISE.ratdb ... Success!
DB: Loading /Users/marcbergevin/rat-pac/data/NTUPLE.ratdb ... Success!
DB: Loading /Users/marcbergevin/rat-pac/data/OPTICS.ratdb ... Success!
DB: Loading /Users/marcbergevin/rat-pac/data/PMT.ratdb ... Success!
DB: Loading /Users/marcbergevin/rat-pac/data/PMTCHARGE.ratdb ... Success!
DB: Loading /Users/marcbergevin/rat-pac/data/PMTTRANSIT.ratdb ... Success!
DB: Loading /Users/marcbergevin/rat-pac/data/RUN.ratdb ... Success!
DB: Loading /Users/marcbergevin/rat-pac/data/SPECTRUM.ratdb ... Success!
DB: Loading /Users/marcbergevin/rat-pac/data/WIMP.ratdb ... Success!

*************************************************************
 Geant4 version Name: geant4-09-06-patch-04    (30-January-2015)
                      Copyright : Geant4 Collaboration
                      Reference : NIM A 506 (2003), 250-303
                            WWW : http://cern.ch/geant4
*************************************************************

Visualization Manager instantiating with verbosity "warnings (3)"...
Visualization Manager initialising...
Registering graphics systems...

You have successfully registered the following graphics systems.
Current available graphics systems are:
  ASCIITree (ATree)
  DAWNFILE (DAWNFILE)
  G4HepRep (HepRepXML)
  G4HepRepFile (HepRepFile)
  RayTracer (RayTracer)
  VRML1FILE (VRML1FILE)
  VRML2FILE (VRML2FILE)

Registering model factories...

You have successfully registered the following model factories.
Registered model factories:
  generic
  drawByCharge
  drawByParticleID
  drawByOriginVolume
  drawByAttribute

Registered filter factories:
  chargeFilter
  particleFilter
  originVolumeFilter
  attributeFilter

You have successfully registered the following user vis actions.
Run Duration User Vis Actions: none
End of Event User Vis Actions: none
End of Run User Vis Actions: none

Some /vis commands (optionally) take a string to specify colour.
Available colours:
  black, blue, brown, cyan, gray, green, grey, magenta, red, white, yellow

Tracking: storing trajectory information for 1
DB: Setting DETECTOR[] experiment to Watchman
DB: Setting DETECTOR[] geo_file to Watchman/Watchman.geo
Loading experiment-specific RATDB files for: Watchman
DB: Loading /Users/marcbergevin/rat-pac/data/Watchman/FTP.ratdb ... Success!
DB: Loading /Users/marcbergevin/rat-pac/data/Watchman/MATERIALS_Watchman.ratdb ... Success!
DB: Loading /Users/marcbergevin/rat-pac/data/Watchman/PMTINFO.ratdb ... Success!
DB: Loading /Users/marcbergevin/rat-pac/data/Watchman/SURFACES_Watchman.ratdb ... Success!
DB: Loading /Users/marcbergevin/rat-pac/data/Watchman/WATCHMAN_PARAMS.ratdb ... Success!
Loading detector geometry from Watchman/Watchman.geo
Constructing detector materials...
Loaded material: [AR_coating]
Loaded material: [C15H24_lab]
Loaded material: [C16H26_lab]
Loaded material: [C17H28_lab]
Loaded material: [C18H30_lab]
Loaded material: [C19H32_lab]
Loaded material: [MgF2]
Loaded material: [NaI]
Loaded material: [Prelude]
Loaded material: [SNOnorite]
Loaded material: [TiO2]
Loaded material: [ZnO2]
Loaded material: [acrylic_SpartechSheet]
Loaded material: [acrylic_black]
Loaded material: [acrylic_polycast]
Loaded material: [acrylic_rpt]
Loaded material: [acrylic_suvt]
Loaded material: [acrylic_uva_McMaster]
Loaded material: [acrylic_uvt]
Loaded material: [acrylic_uvt_RPT]
Loaded material: [acrylic_uvt_good]
Loaded material: [acrylic_white]
Loaded material: [air]
Loaded material: [aluminum]
Loaded material: [black_water]
Loaded material: [borosilicate_glass]
Loaded material: [cardboard]
Loaded material: [concrete]
Loaded material: [concrete_chess]
Loaded material: [concrete_kaplan]
Loaded material: [concrete_mcnp]
Loaded material: [copper]
Loaded material: [cryostat_vacuum]
Loaded material: [dead_liquid_Ar]
Loaded material: [dead_liquid_He]
Loaded material: [dead_liquid_Ne]
Loaded material: [dead_liquid_Xe]
Loaded material: [delrin]
Loaded material: [dodecane]
Loaded material: [doped_water]
G4Material::GetMaterial() WARNING: The material: water does not exist in the table. Return NULL pointer.
[doped_water] thrown on construction queue
Loaded material: [finemet]
Loaded material: [gadolinium]
Loaded material: [gd_scintillator]
G4Material::GetMaterial() WARNING: The material: mineral_oil does not exist in the table. Return NULL pointer.
[gd_scintillator] thrown on construction queue
Loaded material: [glass]
Loaded material: [hamamatsu_borosilicate_glass]
Loaded material: [kevlar]
Loaded material: [lab]
Loaded material: [lead]
Loaded material: [liquid_Ar]
Loaded material: [liquid_He]
Loaded material: [liquid_Ne]
Loaded material: [liquid_Xe]
Loaded material: [mineral_oil]
Loaded material: [mirror]
Loaded material: [nylon]
Loaded material: [optical_grease]
Loaded material: [pen]
Loaded material: [pet]
Loaded material: [photocathode]
Loaded material: [photocathode_R11065]
Loaded material: [photocathode_R11780]
Loaded material: [photocathode_R1408]
Loaded material: [photocathode_R5912_HQE]
Loaded material: [photocathode_R7081_hqe]
Loaded material: [photocathode_et9390b]
Loaded material: [pmt_vacuum]
Loaded material: [polypropylene]
Loaded material: [polystyrene_foam]
Loaded material: [ppo]
Loaded material: [pseudocumene]
Loaded material: [ptfe]
Loaded material: [ptfe_fabric]
Loaded material: [pvc]
Loaded material: [quartz]
Loaded material: [rock]
Loaded material: [salt_water]
Loaded material: [sapphire]
Loaded material: [scintillator]
Loaded material: [stainless_steel]
Loaded material: [stainless_steel_316L]
Loaded material: [steel]
Loaded material: [styrofoam]
Loaded material: [tungsten]
Loaded material: [tungsten_alloy]
Loaded material: [tyvek]
Loaded material: [vikuiti_esr]
Loaded material: [water]
Loaded material: [wbls_10pct]
Loaded material: [wbls_10pct_Gd]
Loaded material: [wbls_5pct]
Loaded material: [wbls_5pct_Gd]
Loaded material: [white_water]
queue (pass1): [doped_water]
[doped_water] found and removed from construction queue
queue (pass1): [gd_scintillator]
[gd_scintillator] found and removed from construction queue
Loading optics: AR_coating
Loading optics: MgF2
Loading optics: TiO2
Loading optics: ZnO2
Loading optics: acrylic_SpartechSheet
Loading optics: acrylic_black
Loading optics: acrylic_polycast
Loading optics: acrylic_rpt
Loading optics: acrylic_suvt
Loading optics: acrylic_uva_McMaster
Loading optics: acrylic_uvt
Loading optics: acrylic_uvt_RPT
Loading optics: acrylic_uvt_good
Loading optics: acrylic_white
Loading optics: air
Loading optics: aluminum
Loading optics: black_water
Loading optics: copper
Loading optics: cryostat_vacuum
Loading optics: doped_water
Loading optics: gd_scintillator
Loading optics: glass
Loading optics: mineral_oil
Loading optics: mirror
Loading optics: nylon
Loading optics: optical_grease
Loading optics: photocathode
Loading optics: photocathode_R11065
Loading optics: photocathode_R11780
Loading optics: photocathode_R1408
Loading optics: photocathode_et9390b
Loading optics: pmt_vacuum
Loading optics: pseudocumene
Loading optics: ptfe
Loading optics: ptfe_fabric
Loading optics: quartz
Loading optics: salt_water
Loading optics: sapphire
Loading optics: scintillator
Loading optics: stainless_steel
Loading optics: stainless_steel_316L
Loading optics: styrofoam
Loading optics: tyvek
Loading optics: water
Loading optics: wbls_10pct
Could not read property REEMISSION_PROB of wbls_10pct
Loading optics: wbls_10pct_Gd
Could not read property REEMISSION_PROB of wbls_10pct_Gd
Loading optics: wbls_5pct
Could not read property REEMISSION_PROB of wbls_5pct
Loading optics: wbls_5pct_Gd
Could not read property REEMISSION_PROB of wbls_5pct_Gd
Loading optics: white_water
Registering box
Registering tube
Registering torus
Registering sphere
Registering reflector
Registering reflector_waveguide
Registering pmtarray
Registering pmtcoverage
Registering waterboxarray
Registering bubble
Registering ptube
Registering psphere
Registering revarray
Registering tubearray
Registering revolve
Registering revolveChimney
Registering lens
Registering polygon
Registering border
Registering convexlens
Registering tubeinter
Registering perfbox
Registering cut_tube
Registering watchmanshield
GeoSolidFactory: Constructing volume world
GeoSolidFactory: Constructing volume tank
GeoSolidFactory: Constructing volume detector
GeoSolidFactory: Constructing volume fiducial
GeoPMTArrayFactory: Constructing volume inner_pmts
Forcing B efficiency<= 1
GeoPMTArrayFactory: Constructing volume veto_pmts
Forcing B efficiency<= 1
Warning: GLG4TorusStack making sizeable adjustment to rho_edge[5]: old 0, new 0.153649 (2)
Warning: GLG4TorusStack making sizeable adjustment to rho_edge[2]: old 0, new 0.153646 (2)
Warning: GLG4TorusStack making sizeable adjustment to rho_edge[5]: old 0, new 0.153649 (2)
Warning: GLG4TorusStack making sizeable adjustment to rho_edge[2]: old 0, new 0.153646 (2)
Note: +++ INCLUDING neutron_hp model. +++
WARNING: G4AntiNeutronAnnihilationAtRest is deprecated and will be removed in GEANT4 version 10.0.
WARNING: G4AntiProtonAnnihilationAtRest is deprecated and will be removed in GEANT4 version 10.0.
WARNING: G4KaonMinusAbsorptionAtRest is deprecated and will be removed in GEANT4 version 10.0.
NeutronHP: /Elastic file for Z = 6, A = 12 is not found and NeutronHP will use /Users/marcbergevin/geant4.9.6.p04/share/Geant4-9.6.4/data/G4NDL4.2/Elastic/CrossSection/6_nat_Carbon
NeutronHP: /Elastic file for Z = 6, A = 13 is not found and NeutronHP will use /Users/marcbergevin/geant4.9.6.p04/share/Geant4-9.6.4/data/G4NDL4.2/Elastic/CrossSection/6_nat_Carbon
NeutronHP: /Elastic file for Z = 10, A = 20 is not found and NeutronHP will use /Users/marcbergevin/geant4.9.6.p04/share/Geant4-9.6.4/data/G4NDL4.2/Elastic/CrossSection/11_22_Sodium
NeutronHP: /Elastic file for Z = 10, A = 21 is not found and NeutronHP will use /Users/marcbergevin/geant4.9.6.p04/share/Geant4-9.6.4/data/G4NDL4.2/Elastic/CrossSection/11_22_Sodium
NeutronHP: /Elastic file for Z = 10, A = 22 is not found and NeutronHP will use /Users/marcbergevin/geant4.9.6.p04/share/Geant4-9.6.4/data/G4NDL4.2/Elastic/CrossSection/11_22_Sodium
NeutronHP: /Elastic file for Z = 8, A = 18 is not found and NeutronHP will use /Users/marcbergevin/geant4.9.6.p04/share/Geant4-9.6.4/data/G4NDL4.2/Elastic/CrossSection/8_17_Oxygen
NeutronHP: /Elastic file for Z = 74, A = 180 is not found and NeutronHP will use /Users/marcbergevin/geant4.9.6.p04/share/Geant4-9.6.4/data/G4NDL4.2/Elastic/CrossSection/74_182_Tungsten
